<?xml version="1.0" encoding="UTF-8"?>
<!-- Generated by org.testng.reporters.JUnitXMLReporter -->
<testsuite ignored="2" hostname="vikram" failures="0" tests="7" name="Car loan" time="0.034" errors="0" timestamp="2024-12-08T20:35:42 IST">
  <testcase classname="tests.Day3" name="mobileLoginCarLoan" time="0.003"/>
  <testcase classname="tests.Day3" name="mobileSignOutCarLoan" time="0.0"/>
  <testcase classname="tests.Day3" name="testDataDriven" time="0.001"/>
  <testcase classname="tests.Day3" name="testDataDriven" time="0.001"/>
  <testcase classname="tests.Day3" name="testDataDriven" time="0.0"/>
  <testcase classname="tests.Day3" name="webLoginCarLoan" time="0.001"/>
  <testcase classname="tests.Day3" name="loginAPICarLoan" time="0.0"/>
  <testcase classname="tests.Day3" name="loanCar" time="0.0">
    <ignored/>
  </testcase> <!-- loanCar -->
  <testcase classname="tests.Day3" name="mobileSignCarLoan" time="0.0">
    <ignored/>
  </testcase> <!-- mobileSignCarLoan -->
</testsuite> <!-- Car loan -->
