<?xml version="1.0" encoding="UTF-8"?>
<!-- Generated by org.testng.reporters.JUnitXMLReporter -->
<testsuite ignored="2" hostname="vikram" failures="0" tests="4" name="Car laon" time="0.01" errors="0" timestamp="2024-12-08T19:00:37 IST">
  <testcase classname="tests.Day3" name="mobileLoginCarLoan" time="0.001"/>
  <testcase classname="tests.Day3" name="mobileSignOutCarLoan" time="0.002"/>
  <testcase classname="tests.Day3" name="webLoginCarLoan" time="0.0"/>
  <testcase classname="tests.Day3" name="loginAPICarLoan" time="0.0"/>
  <testcase classname="tests.Day3" name="mobileSignCarLoan" time="0.0">
    <ignored/>
  </testcase> <!-- mobileSignCarLoan -->
  <testcase classname="tests.Day3" name="loanCar" time="0.0">
    <ignored/>
  </testcase> <!-- loanCar -->
</testsuite> <!-- Car laon -->
