<?xml version="1.0" encoding="UTF-8"?>
<!-- Generated by org.testng.reporters.JUnitXMLReporter -->
<testsuite ignored="8" hostname="vikram" failures="0" tests="3" name="Regression" time="0.025" errors="0" timestamp="2024-12-08T17:50:00 IST">
  <testcase classname="tests.Day2" name="pLoan" time="0.005"/>
  <testcase classname="tests.Day4" name="mobileLoginHomeLoan" time="0.001"/>
  <testcase classname="tests.Day3" name="mobileLoginCarLoan" time="0.001"/>
  <testcase classname="tests.Day1" name="secondTest" time="0.0">
    <ignored/>
  </testcase> <!-- secondTest -->
  <testcase classname="tests.Day3" name="mobileSignOutCarLoan" time="0.0">
    <ignored/>
  </testcase> <!-- mobileSignOutCarLoan -->
  <testcase classname="tests.Day4" name="webLoginHomeLoan" time="0.0">
    <ignored/>
  </testcase> <!-- webLoginHomeLoan -->
  <testcase classname="tests.Day4" name="loginAPIHomeLoan" time="0.0">
    <ignored/>
  </testcase> <!-- loginAPIHomeLoan -->
  <testcase classname="tests.Day3" name="webLoginCarLoan" time="0.0">
    <ignored/>
  </testcase> <!-- webLoginCarLoan -->
  <testcase classname="tests.Day3" name="loginAPICarLoan" time="0.0">
    <ignored/>
  </testcase> <!-- loginAPICarLoan -->
  <testcase classname="tests.Day3" name="mobileSignCarLoan" time="0.0">
    <ignored/>
  </testcase> <!-- mobileSignCarLoan -->
  <testcase classname="tests.Day1" name="demo" time="0.0">
    <ignored/>
  </testcase> <!-- demo -->
</testsuite> <!-- Regression -->
