<?xml version="1.0" encoding="UTF-8"?>
<testng-results ignored="0" total="1" passed="1" failed="0" skipped="0">
  <reporter-output>
  </reporter-output>
  <suite started-at="2024-12-08T22:43:55 IST" name="Default suite" finished-at="2024-12-08T22:43:55 IST" duration-ms="27">
    <groups>
    </groups>
    <test started-at="2024-12-08T22:43:55 IST" name="Default test" finished-at="2024-12-08T22:43:55 IST" duration-ms="27">
      <class name="inheritanceLogic.PS1">
        <test-method is-config="true" signature="beforeRun()[pri:0, instance:inheritanceLogic.PS1@13e344d]" started-at="2024-12-08T22:43:55 IST" name="beforeRun" finished-at="2024-12-08T22:43:55 IST" duration-ms="4" status="PASS">
          <reporter-output>
          </reporter-output>
        </test-method> <!-- beforeRun -->
        <test-method signature="testRun()[pri:0, instance:inheritanceLogic.PS1@13e344d]" started-at="2024-12-08T22:43:55 IST" name="testRun" finished-at="2024-12-08T22:43:55 IST" duration-ms="4" status="PASS">
          <reporter-output>
          </reporter-output>
        </test-method> <!-- testRun -->
        <test-method is-config="true" signature="afterRun()[pri:0, instance:inheritanceLogic.PS1@13e344d]" started-at="2024-12-08T22:43:55 IST" name="afterRun" finished-at="2024-12-08T22:43:55 IST" duration-ms="0" status="PASS">
          <reporter-output>
          </reporter-output>
        </test-method> <!-- afterRun -->
      </class> <!-- inheritanceLogic.PS1 -->
    </test> <!-- Default test -->
  </suite> <!-- Default suite -->
</testng-results>
